<?xml version="1.0" encoding="UTF-8"?>
<!-- Generated by org.testng.reporters.JUnitXMLReporter -->
<testsuite ignored="0" hostname="LAPTOP-MPOG5PBP" failures="2" tests="2" name="Default test" time="38.293" errors="0" timestamp="2022-07-28T17:54:37 IST">
  <testcase classname="io.cucumber.testng.AbstractTestNGCucumberTests" name="runScenario" time="18.146">
    <failure type="java.lang.AssertionError" message="oops!!! 1AUGSC0601 profile already activated">
      <![CDATA[java.lang.AssertionError: oops!!! 1AUGSC0601 profile already activated
at org.junit.Assert.fail(Assert.java:89)
at Stepdefinitions.ProfileActivationStepDefinition.each_student_logs_into_student_login_and_does_payment_to_activate_their_profile(ProfileActivationStepDefinition.java:125)
at ✽.each student logs into student login with valid "1AUGSC0601" and "9786868186" does payment to activate their profile(file:///C:/Users/Lavanya/git/profile-Activation/adm/featurefile/au.feature:4)
]]>
    </failure>
  </testcase> <!-- runScenario -->
  <testcase classname="io.cucumber.testng.AbstractTestNGCucumberTests" name="runScenario" time="16.959">
    <failure type="java.lang.AssertionError" message="oops!!! 1AUGSC0602 profile already activated">
      <![CDATA[java.lang.AssertionError: oops!!! 1AUGSC0602 profile already activated
at org.junit.Assert.fail(Assert.java:89)
at Stepdefinitions.ProfileActivationStepDefinition.each_student_logs_into_student_login_and_does_payment_to_activate_their_profile(ProfileActivationStepDefinition.java:125)
at ✽.each student logs into student login with valid "1AUGSC0602" and "8248728983" does payment to activate their profile(file:///C:/Users/Lavanya/git/profile-Activation/adm/featurefile/au.feature:4)
]]>
    </failure>
  </testcase> <!-- runScenario -->
</testsuite> <!-- Default test -->
